День 4: Не напивайся. Карма - 10
День 8: Не напивайся. Карма - 10
День 9: Не прелюбодействуй Карма - 3
День 19: Не переедай. Карма - 10
День 29: Не напивайся. Карма - 10
День 31: Не убивай. Карма - 50
День 44: Не вреди ближнему. Карма - 25
День 46: Не прелюбодействуй Карма - 3
День 48: Не убивай. Карма - 50
День 58: Не переедай. Карма - 10
День 73: Не переедай. Карма - 10
День 82: Не убивай. Карма - 50
День 83: Не переедай. Карма - 10
День 87: Не напивайся. Карма - 10
День 96: Не вреди ближнему. Карма - 25
День 98: Не прелюбодействуй Карма - 3
День 112: Не прелюбодействуй Карма - 3
День 114: Не убивай. Карма - 50
День 150: Не напивайся. Карма - 10
День 158: Не напивайся. Карма - 10
День 166: Не переедай. Карма - 10
День 178: Не напивайся. Карма - 10
День 186: Не прелюбодействуй Карма - 3
День 206: Не переедай. Карма - 10
День 211: Не переедай. Карма - 10
День 212: Не убивай. Карма - 50
День 217: Не убивай. Карма - 50
День 235: Не убивай. Карма - 50
День 239: Не убивай. Карма - 50
День 244: Не напивайся. Карма - 10
День 256: Не вреди ближнему. Карма - 25
День 266: Не прелюбодействуй Карма - 3
День 267: Не прелюбодействуй Карма - 3
День 269: Не напивайся. Карма - 10
День 272: Не переедай. Карма - 10
День 275: Не прелюбодействуй Карма - 3
День 294: Не убивай. Карма - 50
День 303: Не вреди ближнему. Карма - 25
День 315: Не напивайся. Карма - 10
День 322: Не прелюбодействуй Карма - 3
День 326: Не напивайся. Карма - 10
День 343: Не напивайся. Карма - 10
День 355: Не вреди ближнему. Карма - 25
День 356: Не прелюбодействуй Карма - 3
День 376: Не вреди ближнему. Карма - 25
День 387: Не переедай. Карма - 10
